{"C:\\Users\\Swati\\Desktop\\NAMASTE -REACT\\src\\components\\Contact.js": {"path":"C:\\Users\\Swati\\Desktop\\NAMASTE -REACT\\src\\components\\Contact.js","statementMap":{"0":{"start":{"line":2,"column":16},"end":{"line":41,"column":1}},"1":{"start":{"line":3,"column":2},"end":{"line":40,"column":4}}},"fnMap":{"0":{"name":"(anonymous_0)","decl":{"start":{"line":2,"column":16},"end":{"line":2,"column":17}},"loc":{"start":{"line":2,"column":22},"end":{"line":41,"column":1}},"line":2}},"branchMap":{},"s":{"0":1,"1":4},"f":{"0":4},"b":{},"_coverageSchema":"1a1c01bbd47fc00a2c39e90264f33305004495a9","hash":"9bf6f86a35797561ea8393b865e691b001d4b63e"}
,"C:\\Users\\Swati\\Desktop\\NAMASTE -REACT\\src\\components\\sum.js": {"path":"C:\\Users\\Swati\\Desktop\\NAMASTE -REACT\\src\\components\\sum.js","statementMap":{"0":{"start":{"line":1,"column":12},"end":{"line":3,"column":1}},"1":{"start":{"line":2,"column":2},"end":{"line":2,"column":15}}},"fnMap":{"0":{"name":"(anonymous_0)","decl":{"start":{"line":1,"column":12},"end":{"line":1,"column":13}},"loc":{"start":{"line":1,"column":22},"end":{"line":3,"column":1}},"line":1}},"branchMap":{},"s":{"0":1,"1":1},"f":{"0":1},"b":{},"_coverageSchema":"1a1c01bbd47fc00a2c39e90264f33305004495a9","hash":"adbaeeef2a5b089fa93338dc8d83572bda1a98af"}
}
