{"C:\\Users\\Swati\\Desktop\\NAMASTE -REACT\\src\\components\\Contact.js": {"path":"C:\\Users\\Swati\\Desktop\\NAMASTE -REACT\\src\\components\\Contact.js","statementMap":{"0":{"start":{"line":2,"column":16},"end":{"line":41,"column":1}},"1":{"start":{"line":3,"column":2},"end":{"line":40,"column":4}}},"fnMap":{"0":{"name":"(anonymous_0)","decl":{"start":{"line":2,"column":16},"end":{"line":2,"column":17}},"loc":{"start":{"line":2,"column":22},"end":{"line":41,"column":1}},"line":2}},"branchMap":{},"s":{"0":1,"1":4},"f":{"0":4},"b":{},"_coverageSchema":"1a1c01bbd47fc00a2c39e90264f33305004495a9","hash":"9bf6f86a35797561ea8393b865e691b001d4b63e"}
,"C:\\Users\\Swati\\Desktop\\NAMASTE -REACT\\src\\components\\Rescard.js": {"path":"C:\\Users\\Swati\\Desktop\\NAMASTE -REACT\\src\\components\\Rescard.js","statementMap":{"0":{"start":{"line":5,"column":16},"end":{"line":30,"column":1}},"1":{"start":{"line":6,"column":22},"end":{"line":6,"column":27}},"2":{"start":{"line":8,"column":4},"end":{"line":8,"column":17}},"3":{"start":{"line":9,"column":2},"end":{"line":9,"column":23}},"4":{"start":{"line":11,"column":15},"end":{"line":11,"column":38}},"5":{"start":{"line":12,"column":27},"end":{"line":12,"column":45}},"6":{"start":{"line":13,"column":2},"end":{"line":29,"column":4}},"7":{"start":{"line":34,"column":29},"end":{"line":45,"column":1}},"8":{"start":{"line":35,"column":2},"end":{"line":44,"column":4}},"9":{"start":{"line":36,"column":4},"end":{"line":43,"column":6}}},"fnMap":{"0":{"name":"(anonymous_0)","decl":{"start":{"line":5,"column":16},"end":{"line":5,"column":17}},"loc":{"start":{"line":5,"column":27},"end":{"line":30,"column":1}},"line":5},"1":{"name":"(anonymous_1)","decl":{"start":{"line":34,"column":29},"end":{"line":34,"column":30}},"loc":{"start":{"line":34,"column":42},"end":{"line":45,"column":1}},"line":34},"2":{"name":"(anonymous_2)","decl":{"start":{"line":35,"column":9},"end":{"line":35,"column":10}},"loc":{"start":{"line":35,"column":20},"end":{"line":44,"column":3}},"line":35}},"branchMap":{},"s":{"0":1,"1":1,"2":1,"3":1,"4":1,"5":1,"6":1,"7":1,"8":0,"9":0},"f":{"0":1,"1":0,"2":0},"b":{},"_coverageSchema":"1a1c01bbd47fc00a2c39e90264f33305004495a9","hash":"3bc2fbc01af9c707af69b14cc7072054ef7910c4"}
,"C:\\Users\\Swati\\Desktop\\NAMASTE -REACT\\src\\components\\sum.js": {"path":"C:\\Users\\Swati\\Desktop\\NAMASTE -REACT\\src\\components\\sum.js","statementMap":{"0":{"start":{"line":1,"column":12},"end":{"line":3,"column":1}},"1":{"start":{"line":2,"column":2},"end":{"line":2,"column":15}}},"fnMap":{"0":{"name":"(anonymous_0)","decl":{"start":{"line":1,"column":12},"end":{"line":1,"column":13}},"loc":{"start":{"line":1,"column":22},"end":{"line":3,"column":1}},"line":1}},"branchMap":{},"s":{"0":1,"1":1},"f":{"0":1},"b":{},"_coverageSchema":"1a1c01bbd47fc00a2c39e90264f33305004495a9","hash":"adbaeeef2a5b089fa93338dc8d83572bda1a98af"}
,"C:\\Users\\Swati\\Desktop\\NAMASTE -REACT\\src\\utils\\UserContext.js": {"path":"C:\\Users\\Swati\\Desktop\\NAMASTE -REACT\\src\\utils\\UserContext.js","statementMap":{"0":{"start":{"line":3,"column":20},"end":{"line":5,"column":2}}},"fnMap":{},"branchMap":{},"s":{"0":1},"f":{},"b":{},"_coverageSchema":"1a1c01bbd47fc00a2c39e90264f33305004495a9","hash":"4d1d77f1fc4e7d2956fbafe23c34ea069b114024"}
,"C:\\Users\\Swati\\Desktop\\NAMASTE -REACT\\src\\utils\\constants.js": {"path":"C:\\Users\\Swati\\Desktop\\NAMASTE -REACT\\src\\utils\\constants.js","statementMap":{"0":{"start":{"line":2,"column":2},"end":{"line":2,"column":140}},"1":{"start":{"line":5,"column":2},"end":{"line":5,"column":85}},"2":{"start":{"line":8,"column":2},"end":{"line":8,"column":104}},"3":{"start":{"line":11,"column":2},"end":{"line":11,"column":84}},"4":{"start":{"line":14,"column":2},"end":{"line":14,"column":109}},"5":{"start":{"line":17,"column":2},"end":{"line":17,"column":132}},"6":{"start":{"line":19,"column":26},"end":{"line":19,"column":57}}},"fnMap":{},"branchMap":{},"s":{"0":1,"1":1,"2":1,"3":1,"4":1,"5":1,"6":1},"f":{},"b":{},"_coverageSchema":"1a1c01bbd47fc00a2c39e90264f33305004495a9","hash":"a61a1d4cd31130bb4fe47f5db218ce445173f5be"}
}
